c:\users\administrator\desktop\sbs-c--\sbs-c-plus-plus-part2\program\program\x64\debug\vc143.pdb
c:\users\administrator\desktop\sbs-c--\sbs-c-plus-plus-part2\program\program\x64\debug\vc143.idb
c:\users\administrator\desktop\sbs-c--\sbs-c-plus-plus-part2\program\program\x64\debug\program.obj
c:\users\administrator\desktop\sbs-c--\sbs-c-plus-plus-part2\program\program\x64\debug\program.ilk
c:\users\administrator\desktop\sbs-c--\sbs-c-plus-plus-part2\program\x64\debug\program.pdb
c:\users\administrator\desktop\sbs-c--\sbs-c-plus-plus-part2\program\program\x64\debug\program.tlog\cl.command.1.tlog
c:\users\administrator\desktop\sbs-c--\sbs-c-plus-plus-part2\program\program\x64\debug\program.tlog\cl.items.tlog
c:\users\administrator\desktop\sbs-c--\sbs-c-plus-plus-part2\program\program\x64\debug\program.tlog\cl.read.1.tlog
c:\users\administrator\desktop\sbs-c--\sbs-c-plus-plus-part2\program\program\x64\debug\program.tlog\cl.write.1.tlog
c:\users\administrator\desktop\sbs-c--\sbs-c-plus-plus-part2\program\program\x64\debug\program.tlog\link.12780-cvtres.read.1.tlog
c:\users\administrator\desktop\sbs-c--\sbs-c-plus-plus-part2\program\program\x64\debug\program.tlog\link.12780-cvtres.write.1.tlog
c:\users\administrator\desktop\sbs-c--\sbs-c-plus-plus-part2\program\program\x64\debug\program.tlog\link.12780-rc.read.1.tlog
c:\users\administrator\desktop\sbs-c--\sbs-c-plus-plus-part2\program\program\x64\debug\program.tlog\link.12780-rc.write.1.tlog
c:\users\administrator\desktop\sbs-c--\sbs-c-plus-plus-part2\program\program\x64\debug\program.tlog\link.12780.read.1.tlog
c:\users\administrator\desktop\sbs-c--\sbs-c-plus-plus-part2\program\program\x64\debug\program.tlog\link.12780.read.2.tlog
c:\users\administrator\desktop\sbs-c--\sbs-c-plus-plus-part2\program\program\x64\debug\program.tlog\link.12780.write.1.tlog
c:\users\administrator\desktop\sbs-c--\sbs-c-plus-plus-part2\program\program\x64\debug\program.tlog\link.command.1.tlog
c:\users\administrator\desktop\sbs-c--\sbs-c-plus-plus-part2\program\program\x64\debug\program.tlog\link.read.1.tlog
c:\users\administrator\desktop\sbs-c--\sbs-c-plus-plus-part2\program\program\x64\debug\program.tlog\link.secondary.1.tlog
c:\users\administrator\desktop\sbs-c--\sbs-c-plus-plus-part2\program\program\x64\debug\program.tlog\link.write.1.tlog
